#
# There is insufficient memory for the Java Runtime Environment to continue.
# Native memory allocation (mmap) failed to map 260046848 bytes for Failed to commit area from 0x0000000709800000 to 0x0000000719000000 of length 260046848.
# Possible reasons:
#   The system is out of physical RAM or swap space
#   The process is running with CompressedOops enabled, and the Java Heap may be blocking the growth of the native heap
# Possible solutions:
#   Reduce memory load on the system
#   Increase physical memory or swap space
#   Check if swap backing store is full
#   Decrease Java heap size (-Xmx/-Xms)
#   Decrease number of Java threads
#   Decrease Java thread stack sizes (-Xss)
#   Set larger code cache with -XX:ReservedCodeCacheSize=
# This output file may be truncated or incomplete.
#
#  Out of Memory Error (./src/hotspot/os/windows/os_windows.cpp:3301), pid=13376, tid=13140
#
# JRE version:  (11.0.11+9) (build )
# Java VM: OpenJDK 64-Bit Server VM (11.0.11+9-b1341.60, mixed mode, sharing, tiered, compressed oops, g1 gc, windows-amd64)
# No core dump will be written. Minidumps are not enabled by default on client versions of Windows
#

---------------  S U M M A R Y ------------

Command Line: org.jetbrains.git4idea.http.GitAskPassApp Username for 'https://github.com': 

Host: AMD Ryzen 5 5600H with Radeon Graphics         , 12 cores, 15G,  Windows 10 , 64 bit Build 22621 (10.0.22621.2506)
Time: Thu Jan 11 16:04:34 2024 SE Asia Standard Time elapsed time: 0.019794 seconds (0d 0h 0m 0s)

---------------  T H R E A D  ---------------

Current thread (0x0000024735e42000):  JavaThread "Unknown thread" [_thread_in_vm, id=13140, stack(0x0000006520100000,0x0000006520200000)]

Stack: [0x0000006520100000,0x0000006520200000]
Native frames: (J=compiled Java code, j=interpreted, Vv=VM code, C=native code)
V  [jvm.dll+0x5f5c8a]
V  [jvm.dll+0x779405]
V  [jvm.dll+0x77aa1d]
V  [jvm.dll+0x77b0d3]
V  [jvm.dll+0x244bc8]
V  [jvm.dll+0x5f3084]
V  [jvm.dll+0x5e7fe5]
V  [jvm.dll+0x30098b]
V  [jvm.dll+0x3008fa]
V  [jvm.dll+0x3007d2]
V  [jvm.dll+0x3056b6]
V  [jvm.dll+0x34e353]
V  [jvm.dll+0x34ea56]
V  [jvm.dll+0x34e453]
V  [jvm.dll+0x2db398]
V  [jvm.dll+0x2dc547]
V  [jvm.dll+0x757bf7]
V  [jvm.dll+0x7593ec]
V  [jvm.dll+0x35b8d9]
V  [jvm.dll+0x73b38e]
V  [jvm.dll+0x3c3cc3]
V  [jvm.dll+0x3c60e1]
C  [jli.dll+0x5373]
C  [ucrtbase.dll+0x29363]
C  [KERNEL32.DLL+0x1257d]
C  [ntdll.dll+0x5aa58]


---------------  P R O C E S S  ---------------

Threads class SMR info:
_java_thread_list=0x0000024733c877c0, length=0, elements={
}

Java Threads: ( => current thread )

Other Threads:
  0x0000024735e5c000 GCTaskThread "GC Thread#0" [stack: 0x0000006520200000,0x0000006520300000] [id=14768]
  0x0000024735eb8800 ConcurrentGCThread "G1 Main Marker" [stack: 0x0000006520300000,0x0000006520400000] [id=23116]
  0x0000024735ebb000 ConcurrentGCThread "G1 Conc#0" [stack: 0x0000006520400000,0x0000006520500000] [id=1784]

[error occurred during error reporting (printing all threads), id 0xc0000005, EXCEPTION_ACCESS_VIOLATION (0xc0000005) at pc=0x00007ffb655fb9f7]

VM state:not at safepoint (not fully initialized)

VM Mutex/Monitor currently owned by a thread:  ([mutex/lock_event])
[0x0000024735e3ec60] Heap_lock - owner thread: 0x0000024735e42000

Heap address: 0x0000000709800000, size: 3944 MB, Compressed Oops mode: Non-zero based: 0x0000000709800000
Narrow klass base: 0x0000000000000000, Narrow klass shift: 0

GC Heap History (0 events):
No events

Deoptimization events (0 events):
No events

Classes redefined (0 events):
No events

Internal exceptions (0 events):
No events

Events (1 events):
Event: 0.014 Loaded shared library C:\Program Files\JetBrains\IntelliJ IDEA 2021.1.3\jbr\bin\zip.dll


Dynamic libraries:
0x00007ff7fe390000 - 0x00007ff7fe39a000 	C:\Program Files\JetBrains\IntelliJ IDEA 2021.1.3\jbr\bin\java.exe
0x00007ffbf4950000 - 0x00007ffbf4b67000 	C:\WINDOWS\SYSTEM32\ntdll.dll
0x00007ffbf3970000 - 0x00007ffbf3a34000 	C:\WINDOWS\System32\KERNEL32.DLL
0x00007ffbf2090000 - 0x00007ffbf2436000 	C:\WINDOWS\System32\KERNELBASE.dll
0x00007ffbf1eb0000 - 0x00007ffbf1fc1000 	C:\WINDOWS\System32\ucrtbase.dll
0x00007ffbea790000 - 0x00007ffbea7a9000 	C:\Program Files\JetBrains\IntelliJ IDEA 2021.1.3\jbr\bin\jli.dll
0x00007ffbbbf10000 - 0x00007ffbbbf27000 	C:\Program Files\JetBrains\IntelliJ IDEA 2021.1.3\jbr\bin\VCRUNTIME140.dll
0x00007ffbf2a00000 - 0x00007ffbf2bae000 	C:\WINDOWS\System32\USER32.dll
0x00007ffbdb5c0000 - 0x00007ffbdb853000 	C:\WINDOWS\WinSxS\amd64_microsoft.windows.common-controls_6595b64144ccf1df_6.0.22621.2506_none_270c5ae97388e100\COMCTL32.dll
0x00007ffbf1c90000 - 0x00007ffbf1cb6000 	C:\WINDOWS\System32\win32u.dll
0x00007ffbf3890000 - 0x00007ffbf3937000 	C:\WINDOWS\System32\msvcrt.dll
0x00007ffbf3940000 - 0x00007ffbf3969000 	C:\WINDOWS\System32\GDI32.dll
0x00007ffbf1d90000 - 0x00007ffbf1ea8000 	C:\WINDOWS\System32\gdi32full.dll
0x00007ffbf1cf0000 - 0x00007ffbf1d8a000 	C:\WINDOWS\System32\msvcp_win.dll
0x00007ffbf3a40000 - 0x00007ffbf3a71000 	C:\WINDOWS\System32\IMM32.DLL
0x00007ffb997c0000 - 0x00007ffb9985d000 	C:\Program Files\JetBrains\IntelliJ IDEA 2021.1.3\jbr\bin\msvcp140.dll
0x00007ffb65310000 - 0x00007ffb65e59000 	C:\Program Files\JetBrains\IntelliJ IDEA 2021.1.3\jbr\bin\server\jvm.dll
0x00007ffbf40b0000 - 0x00007ffbf4163000 	C:\WINDOWS\System32\ADVAPI32.dll
0x00007ffbf3c20000 - 0x00007ffbf3cc8000 	C:\WINDOWS\System32\sechost.dll
0x00007ffbf1cc0000 - 0x00007ffbf1ce8000 	C:\WINDOWS\System32\bcrypt.dll
0x00007ffbf3dd0000 - 0x00007ffbf3ee7000 	C:\WINDOWS\System32\RPCRT4.dll
0x00007ffbf3c10000 - 0x00007ffbf3c18000 	C:\WINDOWS\System32\PSAPI.DLL
0x00007ffbeb9f0000 - 0x00007ffbeb9f9000 	C:\WINDOWS\SYSTEM32\WSOCK32.dll
0x00007ffbea440000 - 0x00007ffbea474000 	C:\WINDOWS\SYSTEM32\WINMM.dll
0x00007ffbf4860000 - 0x00007ffbf48d1000 	C:\WINDOWS\System32\WS2_32.dll
0x00007ffbe8780000 - 0x00007ffbe878a000 	C:\WINDOWS\SYSTEM32\VERSION.dll
0x00007ffbf0d70000 - 0x00007ffbf0d88000 	C:\WINDOWS\SYSTEM32\kernel.appcore.dll
0x00007ffbeb270000 - 0x00007ffbeb281000 	C:\Program Files\JetBrains\IntelliJ IDEA 2021.1.3\jbr\bin\verify.dll
0x00007ffbef2a0000 - 0x00007ffbef4d3000 	C:\WINDOWS\SYSTEM32\DBGHELP.DLL
0x00007ffbf44b0000 - 0x00007ffbf4839000 	C:\WINDOWS\System32\combase.dll
0x00007ffbf4280000 - 0x00007ffbf4357000 	C:\WINDOWS\System32\OLEAUT32.dll
0x00007ffbe7310000 - 0x00007ffbe7342000 	C:\WINDOWS\SYSTEM32\dbgcore.DLL
0x00007ffbf2440000 - 0x00007ffbf24ba000 	C:\WINDOWS\System32\bcryptPrimitives.dll
0x00007ffbeb240000 - 0x00007ffbeb269000 	C:\Program Files\JetBrains\IntelliJ IDEA 2021.1.3\jbr\bin\java.dll
0x00007ffbeb9e0000 - 0x00007ffbeb9eb000 	C:\Program Files\JetBrains\IntelliJ IDEA 2021.1.3\jbr\bin\jimage.dll
0x00007ffbea770000 - 0x00007ffbea788000 	C:\Program Files\JetBrains\IntelliJ IDEA 2021.1.3\jbr\bin\zip.dll

dbghelp: loaded successfully - version: 4.0.5 - missing functions: none
symbol engine: initialized successfully - sym options: 0x614 - pdb path: .;C:\Program Files\JetBrains\IntelliJ IDEA 2021.1.3\jbr\bin;C:\WINDOWS\SYSTEM32;C:\WINDOWS\WinSxS\amd64_microsoft.windows.common-controls_6595b64144ccf1df_6.0.22621.2506_none_270c5ae97388e100;C:\Program Files\JetBrains\IntelliJ IDEA 2021.1.3\jbr\bin\server

VM Arguments:
java_command: org.jetbrains.git4idea.http.GitAskPassApp Username for 'https://github.com': 
java_class_path (initial): C:/Program Files/JetBrains/IntelliJ IDEA 2021.1.3/plugins/git4idea/lib/git4idea-rt.jar;C:/Program Files/JetBrains/IntelliJ IDEA 2021.1.3/lib/xmlrpc-2.0.1.jar;C:/Program Files/JetBrains/IntelliJ IDEA 2021.1.3/lib/commons-codec-1.15.jar
Launcher Type: SUN_STANDARD

[Global flags]
     intx CICompilerCount                          = 4                                         {product} {ergonomic}
     uint ConcGCThreads                            = 3                                         {product} {ergonomic}
     uint G1ConcRefinementThreads                  = 10                                        {product} {ergonomic}
   size_t G1HeapRegionSize                         = 1048576                                   {product} {ergonomic}
    uintx GCDrainStackTargetSize                   = 64                                        {product} {ergonomic}
   size_t InitialHeapSize                          = 260046848                                 {product} {ergonomic}
   size_t MarkStackSize                            = 4194304                                   {product} {ergonomic}
   size_t MaxHeapSize                              = 4135583744                                {product} {ergonomic}
   size_t MinHeapDeltaBytes                        = 1048576                                   {product} {ergonomic}
    uintx NonNMethodCodeHeapSize                   = 5836300                                {pd product} {ergonomic}
    uintx NonProfiledCodeHeapSize                  = 122910970                              {pd product} {ergonomic}
    uintx ProfiledCodeHeapSize                     = 122910970                              {pd product} {ergonomic}
    uintx ReservedCodeCacheSize                    = 251658240                              {pd product} {ergonomic}
     bool SegmentedCodeCache                       = true                                      {product} {ergonomic}
     bool UseCompressedClassPointers               = true                                 {lp64_product} {ergonomic}
     bool UseCompressedOops                        = true                                 {lp64_product} {ergonomic}
     bool UseG1GC                                  = true                                      {product} {ergonomic}
     bool UseLargePagesIndividualAllocation        = false                                  {pd product} {ergonomic}

Logging:
Log output configuration:
 #0: stdout all=warning uptime,level,tags
 #1: stderr all=off uptime,level,tags

Environment Variables:
CLASSPATH=C:\Users\ASUS\Documents\ANTLR\antlr-4.9.2-complete.jar;%CLASSPATH%
PATH=C:\Program Files\Git\mingw64\libexec\git-core;C:\Program Files\Git\mingw64\libexec\git-core;C:\Program Files\Git\mingw64\bin;C:\Program Files\Git\usr\bin;C:\Users\ASUS\bin;C:\Program Files\Common Files\Oracle\Java\javapath;C:\Windows\system32;C:\Windows;C:\Windows\System32\Wbem;C:\Windows\System32\WindowsPowerShell\v1.0;C:\Windows\System32\OpenSSH;C:\Program Files (x86)\NVIDIA Corporation\PhysX\Common;C:\Program Files\NVIDIA Corporation\NVIDIA NvDLISR;C:\Program Files\Java\jdk-18.0.1.1\bin;C:\Program Files\Microsoft SQL Server\Client SDK\ODBC\170\Tools\Binn;C:\Program Files (x86)\Microsoft SQL Server\150\Tools\Binn;C:\Program Files\Microsoft SQL Server\150\Tools\Binn;C:\Program Files\Microsoft SQL Server\150\DTS\Binn;C:\WINDOWS\system32;C:\WINDOWS;C:\WINDOWS\System32\Wbem;C:\WINDOWS\System32\WindowsPowerShell\v1.0;C:\WINDOWS\System32\OpenSSH;C:\Python310;C:\Python310\Scripts;C:\Program Files\Git\cmd;C:\Program Files\Git LFS;C:\Program Files\dotnet;C:\Program Files\Docker\Docker\resources\bin;C:\Program Files\MySQL\MySQL Shell 8.0\bin;C:\Users\ASUS\AppData\Local\Microsoft\WindowsApps;C:\Users\ASUS\AppData\Local\Programs\Microsoft VS Code\bin;C:\Program Files\Azure Data Studio\bin
USERNAME=ASUS
DISPLAY=:0.0
LC_ALL=en_US.UTF-8
OS=Windows_NT
PROCESSOR_IDENTIFIER=AMD64 Family 25 Model 80 Stepping 0, AuthenticAMD



---------------  S Y S T E M  ---------------

OS: Windows 10 , 64 bit Build 22621 (10.0.22621.2506)
OS uptime: 0 days 16:27 hours
Hyper-V role detected

CPU:total 12 (initial active 12) (12 cores per cpu, 2 threads per core) family 25 model 80 stepping 0 microcode 0x0, cmov, cx8, fxsr, mmx, sse, sse2, sse3, ssse3, sse4.1, sse4.2, popcnt, avx, avx2, aes, clmul, erms, mmxext, 3dnowpref, lzcnt, sse4a, ht, tsc, tscinvbit, tscinv, bmi1, bmi2,

Memory: 4k page, system-wide physical 15775M (2277M free)
TotalPageFile size 23967M (AvailPageFile size 252M)
current process WorkingSet (physical memory assigned to process): 11M, peak: 11M
current process commit charge ("private bytes"): 64M, peak: 312M

vm_info: OpenJDK 64-Bit Server VM (11.0.11+9-b1341.60) for windows-amd64 JRE (11.0.11+9-b1341.60), built on Jun  4 2021 08:17:54 by "" with MS VC++ 14.0 (VS2015)

END.
